<?xml version="1.0" encoding="UTF-8"?>
<!-- Generated by org.testng.reporters.JUnitReportReporter -->
<testsuite hostname="DESKTOP-UBASVQK" failures="0" tests="2" name="Regression.StandAloneTest" time="60.541" errors="0" timestamp="2023-03-19T21:08:54 IST" skipped="0">
  <testcase classname="Regression.StandAloneTest" name="tcc01" time="41.876"/>
  <system-out/>
  <testcase classname="Regression.StandAloneTest" name="verifyorder" time="18.665"/>
  <system-out/>
</testsuite> <!-- Regression.StandAloneTest -->
