<?xml version="1.0" encoding="UTF-8"?>
<!-- Generated by org.testng.reporters.JUnitReportReporter -->
<testsuite hostname="DESKTOP-UBASVQK" failures="0" tests="1" name="DataReader" time="6.985" errors="0" timestamp="2023-03-05T21:33:13 IST" skipped="0">
  <testcase classname="DataReader" name="dataproviders" time="6.985"/>
  <system-out/>
</testsuite> <!-- DataReader -->
