<?xml version="1.0" encoding="UTF-8"?>
<!-- Generated by org.testng.reporters.JUnitReportReporter -->
<testsuite hostname="DESKTOP-UBASVQK" failures="0" tests="1" name="Regression.TC04" time="23.547" errors="0" timestamp="2023-03-04T01:49:43 IST" skipped="0">
  <testcase classname="Regression.TC04" name="verifyerrorlog" time="23.547"/>
  <system-out/>
</testsuite> <!-- Regression.TC04 -->
