<?xml version="1.0" encoding="UTF-8"?>
<!-- Generated by org.testng.reporters.JUnitReportReporter -->
<testsuite hostname="DESKTOP-UBASVQK" failures="0" tests="1" name="Regression.TC01" time="39.012" errors="0" timestamp="2023-03-04T00:47:36 IST" skipped="0">
  <testcase classname="Regression.TC01" name="tcc01" time="39.012"/>
  <system-out/>
</testsuite> <!-- Regression.TC01 -->
