<?xml version="1.0" encoding="UTF-8"?>
<!-- Generated by org.testng.reporters.JUnitReportReporter -->
<testsuite hostname="DESKTOP-UBASVQK" failures="0" tests="2" name="Regression.VerifyItemNamesInCartTest" time="58.168" errors="0" timestamp="2023-03-19T21:11:40 IST" skipped="0">
  <testcase classname="Regression.VerifyItemNamesInCartTest" name="VerifyItemWithCorrectName" time="31.311"/>
  <system-out/>
  <testcase classname="Regression.VerifyItemNamesInCartTest" name="VerifyItemWithInCorrectName" time="26.857"/>
  <system-out/>
</testsuite> <!-- Regression.VerifyItemNamesInCartTest -->
