<?xml version="1.0" encoding="UTF-8"?>
<!-- Generated by org.testng.reporters.JUnitReportReporter -->
<testsuite hostname="DESKTOP-UBASVQK" failures="0" tests="2" name="Regression.VerifyItemNamesInCartTest" time="42.273" errors="0" timestamp="2023-03-22T01:26:11 IST" skipped="0">
  <testcase classname="Regression.VerifyItemNamesInCartTest" name="VerifyItemWithCorrectName" time="22.647"/>
  <system-out/>
  <testcase classname="Regression.VerifyItemNamesInCartTest" name="VerifyItemWithInCorrectName" time="19.626"/>
  <system-out/>
</testsuite> <!-- Regression.VerifyItemNamesInCartTest -->
